G

L

A

B

E

E

D

G

N

G

J

F

C

K

A

J

I

D

C

D

A

C

E

D

H

A

S

A

A

B

K

C

G

E

C

L

C

G

J

C

A

C

H

A

E

B

M

F

K

B

L

I

C

I

P

L

L

H

A

A

C

F

G

C

F

B

G

F

A

K

B
H

K

R

L

N

H

A

D

P

C

B

A

K

A

A

K

A

P

F

A

K

A

M

K

F

D

G

B
D

E

B

A

K

B

O

F

K

D

Q

A

C

A

D

A

I

N

E

A

D

A

L

E

A

A

M

E

F

E

P

B

A

N

B

N

F

C

B

S

F

H

B

A

D

G

B

H

B

B

D

D

A

I

A

C

A

D

M

B

A

D

Q

G

A

J

N

C

C

G

A

B

J

A

E

A

A

O

B

A

K

G

A

I

R

D

C

B

F

F

D

H

L

A

F

F

A

A

F

G

L
S

C

A

G

G

L

O

O

A

B

K

H

H

J

F
L
M

C

B

D

Q

A

C

G

A

A

B

B

E

B

F

D

P

H

C

C

L

N

B

F

I

D

K

K

F

C

C

C

B

D

A

G

G

D

B

D

D

C

A

L

B

A

G

B

L

C

H

D

A

D

I

N

D

A

A

A

I

E

B

A

A

A

B

F

B

A

C

G

B

O

D

J

A

A

B

F

O

B

K
M

A

K

G

J

C

C

F

B

F

B

A

H

E

D

C

C

J

P

M

H

D

F

C

A

J

F

G

E

D

C

B

T

E

A

A

F

C

N

H

A
D
F
J

K

M

M

M

D

C

A

F

B
D

E

H

N

G

C

I

E

A

E

C

F

A

I

C

F

A

E

G

H

B

A

G

D

C

F

O

I

A

J

F

E

O

K

E

D

H

J

E

H

H

C

Q

H

I

I

K

E

A

A

K

A

B

A

E

C

A

A

D

D

I

D

C

K

P

F

J

I

D

A

A

E
H

E

B

Q

D

B

F
J

R

N

A

E

A

I

C

N

A

A

F

I

G

B

A

B

L

A

A
E

H

N

C

C

J

M

D

A

B

O

A

F

C
F

A

A

B

N

D

E

A

A

J

I

B

E

H

D
F

A

B

A

A

A

N

M

A

A

D

F

K

A

A

J

F

B

A

K

P

D

G

M

E

B

E

F

H

F

D

B

B

F

A
